[
    {
        "type": "BlockNotRendered",
        "verbosity": "INFO",
        "contents": {
            "t": "RawBlock",
            "c": [
                "tex",
                "\\usepackage[margin=.5in]{geometry}"
            ]
        }
    },
    {
        "type": "BlockNotRendered",
        "verbosity": "INFO",
        "contents": {
            "t": "RawBlock",
            "c": [
                "tex",
                "\\newpage"
            ]
        }
    },
    {
        "type": "NoLangSpecified",
        "verbosity": "INFO"
    }
]